<?xml version="1.0" encoding="UTF-8"?>
<!-- Generated by org.testng.reporters.JUnitXMLReporter -->
<testsuite hostname="LAPTOP-A8332NNU" ignored="0" name="Test" tests="1" failures="0" timestamp="26 Jun 2018 06:34:42 GMT" time="0.083" errors="0">
  <testcase name="@BeforeTest login" time="0.0" classname="com.Data.SonuDataDriven.Base.TestBase">
    <failure type="org.testng.TestNGException" message="
Parameter &amp;apos;broeser&amp;apos; is required by BeforeTest on method login but has not been marked @Optional or defined
in E:\New folder\Workshop\SonuDataDriven\DemoTestng.xml">
      <![CDATA[org.testng.TestNGException: 
Parameter 'broeser' is required by BeforeTest on method login but has not been marked @Optional or defined
in E:\New folder\Workshop\SonuDataDriven\DemoTestng.xml
... Removed 21 stack frames]]>
    </failure>
  </testcase> <!-- @BeforeTest login -->
  <testcase name="regestration" time="0.001" classname="com.Data.SonuDataDriven.TestScripts.RegistrationPage">
    <skipped/>
  </testcase> <!-- regestration -->
</testsuite> <!-- Test -->
